<?xml version="1.0" encoding="UTF-8"?>
<!-- Generated by org.testng.reporters.JUnitXMLReporter -->
<testsuite ignored="3" hostname="LAPTOP-9N71JPJP" failures="0" tests="1" name="Default test(failed)" time="12.553" errors="0" timestamp="2022-08-17T12:11:00 IST">
  <testcase classname="TestCases.LoginPageTest" name="verifyTitleTest" time="0.873"/>
  <testcase classname="TestCases.LoginPageTest" name="verifylogintokitelabelTest" time="0.0">
    <ignored/>
  </testcase> <!-- verifylogintokitelabelTest -->
  <testcase classname="TestCases.LoginPageTest" name="verifykiteloginTest" time="0.0">
    <ignored/>
  </testcase> <!-- verifykiteloginTest -->
  <testcase classname="TestCases.LoginPageTest" name="verifykitelogoTest" time="0.0">
    <ignored/>
  </testcase> <!-- verifykitelogoTest -->
</testsuite> <!-- Default test(failed) -->
