<?xml version="1.0" encoding="UTF-8"?>
<testng-results ignored="0" total="1" passed="1" failed="0" skipped="0">
  <reporter-output>
  </reporter-output>
  <suite started-at="2022-08-22T12:28:48 IST" name="Default suite" finished-at="2022-08-22T12:29:20 IST" duration-ms="32537">
    <groups>
    </groups>
    <test started-at="2022-08-22T12:28:48 IST" name="Default test" finished-at="2022-08-22T12:29:20 IST" duration-ms="32537">
      <class name="TestCases.DashboardPageTest">
        <test-method is-config="true" signature="setup()[pri:0, instance:TestCases.DashboardPageTest@31e5415e]" started-at="2022-08-22T12:28:48 IST" name="setup" finished-at="2022-08-22T12:29:16 IST" duration-ms="28667" status="PASS">
          <reporter-output>
          </reporter-output>
        </test-method> <!-- setup -->
        <test-method signature="verifyorderbuttonTest()[pri:0, instance:TestCases.DashboardPageTest@31e5415e]" started-at="2022-08-22T12:29:16 IST" name="verifyorderbuttonTest" finished-at="2022-08-22T12:29:19 IST" duration-ms="2409" status="PASS">
          <reporter-output>
          </reporter-output>
        </test-method> <!-- verifyorderbuttonTest -->
        <test-method is-config="true" signature="end()[pri:0, instance:TestCases.DashboardPageTest@31e5415e]" started-at="2022-08-22T12:29:19 IST" name="end" finished-at="2022-08-22T12:29:20 IST" duration-ms="1371" status="PASS">
          <reporter-output>
          </reporter-output>
        </test-method> <!-- end -->
      </class> <!-- TestCases.DashboardPageTest -->
    </test> <!-- Default test -->
  </suite> <!-- Default suite -->
</testng-results>
